2021-04-13 20:19:54,486 - Bot:1388153107:updater - DEBUG - Entering: get_updates
2021-04-13 20:19:54,495 - MainThread - DEBUG - Starting new HTTPS connection (1): localbitcoins.fi:443
2021-04-13 20:19:54,700 - MainThread - DEBUG - https://localbitcoins.fi:443 "GET /api/dashboard/seller/ HTTP/1.1" 200 None
2021-04-13 20:19:57,979 - MainThread - DEBUG - Starting new HTTPS connection (1): localbitcoins.fi:443
2021-04-13 20:19:58,444 - MainThread - DEBUG - https://localbitcoins.fi:443 "GET /buy-bitcoins-online/sberbank/.json HTTP/1.1" 200 None
2021-04-13 20:19:58,549 - MainThread - DEBUG - armendjigarhanyan - 5105884.0
2021-04-13 20:19:58,554 - MainThread - DEBUG - New SELL price is 5105882.0, before user armendjigarhanyan
2021-04-13 20:19:58,556 - MainThread - DEBUG - Starting new HTTPS connection (1): localbitcoins.fi:443
2021-04-13 20:20:01,336 - MainThread - DEBUG - https://localbitcoins.fi:443 "POST /api/ad-equation/1262102/ HTTP/1.1" 200 None
2021-04-13 20:20:04,549 - Bot:1388153107:updater - DEBUG - No new updates found.
2021-04-13 20:20:04,550 - Bot:1388153107:updater - DEBUG - []
2021-04-13 20:20:04,550 - Bot:1388153107:updater - DEBUG - Exiting: get_updates
2021-04-13 20:20:04,550 - Bot:1388153107:updater - DEBUG - Entering: get_updates
2021-04-13 20:20:06,347 - MainThread - DEBUG - Starting new HTTPS connection (1): localbitcoins.fi:443
2021-04-13 20:20:06,549 - MainThread - DEBUG - https://localbitcoins.fi:443 "GET /api/dashboard/seller/ HTTP/1.1" 200 None
2021-04-13 20:20:06,720 - MainThread - DEBUG - Starting new HTTPS connection (1): localbitcoins.fi:443
2021-04-13 20:20:07,458 - MainThread - DEBUG - https://localbitcoins.fi:443 "GET /buy-bitcoins-online/sberbank/.json HTTP/1.1" 200 None
2021-04-13 20:20:07,579 - MainThread - DEBUG - armendjigarhanyan - 5105877.0
2021-04-13 20:20:07,579 - MainThread - DEBUG - New SELL price is 5105875.0, before user armendjigarhanyan
2021-04-13 20:20:07,583 - MainThread - DEBUG - Starting new HTTPS connection (1): localbitcoins.fi:443
2021-04-13 20:20:13,344 - MainThread - DEBUG - https://localbitcoins.fi:443 "POST /api/ad-equation/1262102/ HTTP/1.1" 200 None
2021-04-13 20:20:14,611 - Bot:1388153107:updater - DEBUG - No new updates found.
2021-04-13 20:20:14,612 - Bot:1388153107:updater - DEBUG - []
2021-04-13 20:20:14,612 - Bot:1388153107:updater - DEBUG - Exiting: get_updates
2021-04-13 20:20:14,612 - Bot:1388153107:updater - DEBUG - Entering: get_updates
2021-04-13 20:20:18,373 - MainThread - DEBUG - Starting new HTTPS connection (1): localbitcoins.fi:443
2021-04-13 20:20:18,569 - MainThread - DEBUG - https://localbitcoins.fi:443 "GET /api/dashboard/seller/ HTTP/1.1" 200 None
2021-04-13 20:20:18,572 - MainThread - DEBUG - Starting new HTTPS connection (1): localbitcoins.fi:443
2021-04-13 20:20:19,054 - MainThread - DEBUG - https://localbitcoins.fi:443 "GET /buy-bitcoins-online/sberbank/.json HTTP/1.1" 200 None
2021-04-13 20:20:19,443 - MainThread - DEBUG - armendjigarhanyan - 5105370.0
2021-04-13 20:20:19,444 - MainThread - DEBUG - New SELL price is 5105368.0, before user armendjigarhanyan
2021-04-13 20:20:19,445 - MainThread - DEBUG - Starting new HTTPS connection (1): localbitcoins.fi:443
2021-04-13 20:20:21,916 - MainThread - DEBUG - https://localbitcoins.fi:443 "POST /api/ad-equation/1262102/ HTTP/1.1" 200 None
2021-04-13 20:20:24,673 - Bot:1388153107:updater - DEBUG - No new updates found.
2021-04-13 20:20:24,674 - Bot:1388153107:updater - DEBUG - []
2021-04-13 20:20:24,674 - Bot:1388153107:updater - DEBUG - Exiting: get_updates
2021-04-13 20:20:24,674 - Bot:1388153107:updater - DEBUG - Entering: get_updates
2021-04-13 20:20:26,930 - MainThread - DEBUG - Starting new HTTPS connection (1): localbitcoins.fi:443
2021-04-13 20:20:27,177 - MainThread - DEBUG - https://localbitcoins.fi:443 "GET /api/dashboard/seller/ HTTP/1.1" 200 None
2021-04-13 20:20:27,181 - MainThread - DEBUG - Starting new HTTPS connection (1): localbitcoins.fi:443
2021-04-13 20:20:27,495 - MainThread - DEBUG - https://localbitcoins.fi:443 "GET /buy-bitcoins-online/sberbank/.json HTTP/1.1" 200 None
2021-04-13 20:20:32,632 - MainThread - DEBUG - Starting new HTTPS connection (1): localbitcoins.fi:443
2021-04-13 20:20:34,735 - Bot:1388153107:updater - DEBUG - No new updates found.
2021-04-13 20:20:34,735 - Bot:1388153107:updater - DEBUG - []
2021-04-13 20:20:34,736 - Bot:1388153107:updater - DEBUG - Exiting: get_updates
2021-04-13 20:20:34,736 - Bot:1388153107:updater - DEBUG - Entering: get_updates
2021-04-13 20:20:35,805 - MainThread - DEBUG - https://localbitcoins.fi:443 "GET /api/dashboard/seller/ HTTP/1.1" 200 None
2021-04-13 20:20:35,809 - MainThread - DEBUG - Starting new HTTPS connection (1): localbitcoins.fi:443
2021-04-13 20:20:36,132 - MainThread - DEBUG - https://localbitcoins.fi:443 "GET /buy-bitcoins-online/sberbank/.json HTTP/1.1" 200 None
2021-04-13 20:20:36,262 - MainThread - DEBUG - armendjigarhanyan - 5105363.0
2021-04-13 20:20:36,262 - MainThread - DEBUG - New SELL price is 5105361.0, before user armendjigarhanyan
2021-04-13 20:20:36,265 - MainThread - DEBUG - Starting new HTTPS connection (1): localbitcoins.fi:443
2021-04-13 20:20:38,999 - MainThread - DEBUG - https://localbitcoins.fi:443 "POST /api/ad-equation/1262102/ HTTP/1.1" 200 None
2021-04-13 20:20:44,013 - MainThread - DEBUG - Starting new HTTPS connection (1): localbitcoins.fi:443
2021-04-13 20:20:44,459 - MainThread - DEBUG - https://localbitcoins.fi:443 "GET /api/dashboard/seller/ HTTP/1.1" 200 None
2021-04-13 20:20:44,462 - MainThread - DEBUG - Starting new HTTPS connection (1): localbitcoins.fi:443
2021-04-13 20:20:44,795 - Bot:1388153107:updater - DEBUG - No new updates found.
2021-04-13 20:20:44,795 - Bot:1388153107:updater - DEBUG - []
2021-04-13 20:20:44,796 - Bot:1388153107:updater - DEBUG - Exiting: get_updates
2021-04-13 20:20:44,796 - Bot:1388153107:updater - DEBUG - Entering: get_updates
2021-04-13 20:20:44,801 - MainThread - DEBUG - https://localbitcoins.fi:443 "GET /buy-bitcoins-online/sberbank/.json HTTP/1.1" 200 None
2021-04-13 20:20:49,926 - MainThread - DEBUG - Starting new HTTPS connection (1): localbitcoins.fi:443
2021-04-13 20:20:53,083 - MainThread - DEBUG - https://localbitcoins.fi:443 "GET /api/dashboard/seller/ HTTP/1.1" 200 None
2021-04-13 20:20:53,087 - MainThread - DEBUG - Starting new HTTPS connection (1): localbitcoins.fi:443
2021-04-13 20:20:53,416 - MainThread - DEBUG - https://localbitcoins.fi:443 "GET /buy-bitcoins-online/sberbank/.json HTTP/1.1" 200 None
2021-04-13 20:20:53,527 - MainThread - DEBUG - armendjigarhanyan - 5105356.0
2021-04-13 20:20:53,527 - MainThread - DEBUG - New SELL price is 5105354.0, before user armendjigarhanyan
2021-04-13 20:20:53,529 - MainThread - DEBUG - Starting new HTTPS connection (1): localbitcoins.fi:443
2021-04-13 20:20:54,855 - Bot:1388153107:updater - DEBUG - No new updates found.
2021-04-13 20:20:54,856 - Bot:1388153107:updater - DEBUG - []
2021-04-13 20:20:54,856 - Bot:1388153107:updater - DEBUG - Exiting: get_updates
2021-04-13 20:20:54,856 - Bot:1388153107:updater - DEBUG - Entering: get_updates
2021-04-13 20:20:56,311 - MainThread - DEBUG - https://localbitcoins.fi:443 "POST /api/ad-equation/1262102/ HTTP/1.1" 200 None
2021-04-13 20:21:01,323 - MainThread - DEBUG - Starting new HTTPS connection (1): localbitcoins.fi:443
2021-04-13 20:21:01,726 - MainThread - DEBUG - https://localbitcoins.fi:443 "GET /api/dashboard/seller/ HTTP/1.1" 200 None
2021-04-13 20:21:01,730 - MainThread - DEBUG - Starting new HTTPS connection (1): localbitcoins.fi:443
2021-04-13 20:21:02,430 - MainThread - DEBUG - https://localbitcoins.fi:443 "GET /buy-bitcoins-online/sberbank/.json HTTP/1.1" 200 None
2021-04-13 20:21:02,553 - MainThread - DEBUG - armendjigarhanyan - 5105349.0
2021-04-13 20:21:02,553 - MainThread - DEBUG - New SELL price is 5105347.0, before user armendjigarhanyan
2021-04-13 20:21:02,555 - MainThread - DEBUG - Starting new HTTPS connection (1): localbitcoins.fi:443
2021-04-13 20:21:04,914 - Bot:1388153107:updater - DEBUG - No new updates found.
2021-04-13 20:21:04,914 - Bot:1388153107:updater - DEBUG - []
2021-04-13 20:21:04,915 - Bot:1388153107:updater - DEBUG - Exiting: get_updates
2021-04-13 20:21:04,915 - Bot:1388153107:updater - DEBUG - Entering: get_updates
2021-04-13 20:21:05,281 - MainThread - DEBUG - https://localbitcoins.fi:443 "POST /api/ad-equation/1262102/ HTTP/1.1" 200 None
2021-04-13 20:21:10,297 - MainThread - DEBUG - Starting new HTTPS connection (1): localbitcoins.fi:443
2021-04-13 20:21:10,467 - MainThread - DEBUG - https://localbitcoins.fi:443 "GET /api/dashboard/seller/ HTTP/1.1" 200 None
2021-04-13 20:21:10,471 - MainThread - DEBUG - Starting new HTTPS connection (1): localbitcoins.fi:443
2021-04-13 20:21:10,772 - MainThread - DEBUG - https://localbitcoins.fi:443 "GET /buy-bitcoins-online/sberbank/.json HTTP/1.1" 200 None
2021-04-13 20:21:14,972 - Bot:1388153107:updater - DEBUG - No new updates found.
2021-04-13 20:21:14,973 - Bot:1388153107:updater - DEBUG - []
2021-04-13 20:21:14,973 - Bot:1388153107:updater - DEBUG - Exiting: get_updates
2021-04-13 20:21:14,974 - Bot:1388153107:updater - DEBUG - Entering: get_updates
2021-04-13 20:21:15,885 - MainThread - DEBUG - Starting new HTTPS connection (1): localbitcoins.fi:443
2021-04-13 20:21:19,113 - MainThread - DEBUG - https://localbitcoins.fi:443 "GET /api/dashboard/seller/ HTTP/1.1" 200 None
2021-04-13 20:21:19,117 - MainThread - DEBUG - Starting new HTTPS connection (1): localbitcoins.fi:443
2021-04-13 20:21:19,457 - MainThread - DEBUG - https://localbitcoins.fi:443 "GET /buy-bitcoins-online/sberbank/.json HTTP/1.1" 200 None
2021-04-13 20:21:19,578 - MainThread - DEBUG - natalya228 - 5118800.0
2021-04-13 20:21:19,578 - MainThread - DEBUG - New SELL price is 5118798.0, before user natalya228
2021-04-13 20:21:19,580 - MainThread - DEBUG - Starting new HTTPS connection (1): localbitcoins.fi:443
2021-04-13 20:21:22,344 - MainThread - DEBUG - https://localbitcoins.fi:443 "POST /api/ad-equation/1262102/ HTTP/1.1" 200 None
2021-04-13 20:21:25,031 - Bot:1388153107:updater - DEBUG - No new updates found.
2021-04-13 20:21:25,031 - Bot:1388153107:updater - DEBUG - []
2021-04-13 20:21:25,032 - Bot:1388153107:updater - DEBUG - Exiting: get_updates
2021-04-13 20:21:25,032 - Bot:1388153107:updater - DEBUG - Entering: get_updates
2021-04-13 20:21:27,357 - MainThread - DEBUG - Starting new HTTPS connection (1): localbitcoins.fi:443
2021-04-13 20:21:27,728 - MainThread - DEBUG - https://localbitcoins.fi:443 "GET /api/dashboard/seller/ HTTP/1.1" 200 None
2021-04-13 20:21:27,732 - MainThread - DEBUG - Starting new HTTPS connection (1): localbitcoins.fi:443
2021-04-13 20:21:28,028 - MainThread - DEBUG - https://localbitcoins.fi:443 "GET /buy-bitcoins-online/sberbank/.json HTTP/1.1" 200 None
2021-04-13 20:21:33,160 - MainThread - DEBUG - Starting new HTTPS connection (1): localbitcoins.fi:443
2021-04-13 20:21:35,092 - Bot:1388153107:updater - DEBUG - No new updates found.
2021-04-13 20:21:35,092 - Bot:1388153107:updater - DEBUG - []
2021-04-13 20:21:35,092 - Bot:1388153107:updater - DEBUG - Exiting: get_updates
2021-04-13 20:21:35,092 - Bot:1388153107:updater - DEBUG - Entering: get_updates
2021-04-13 20:21:36,357 - MainThread - DEBUG - https://localbitcoins.fi:443 "GET /api/dashboard/seller/ HTTP/1.1" 200 None
2021-04-13 20:21:36,364 - MainThread - DEBUG - Starting new HTTPS connection (1): localbitcoins.fi:443
2021-04-13 20:21:36,740 - MainThread - DEBUG - https://localbitcoins.fi:443 "GET /buy-bitcoins-online/sberbank/.json HTTP/1.1" 200 None
2021-04-13 20:21:41,859 - MainThread - DEBUG - Starting new HTTPS connection (1): localbitcoins.fi:443
2021-04-13 20:21:44,970 - MainThread - DEBUG - https://localbitcoins.fi:443 "GET /api/dashboard/seller/ HTTP/1.1" 200 None
2021-04-13 20:21:44,976 - MainThread - DEBUG - Starting new HTTPS connection (1): localbitcoins.fi:443
2021-04-13 20:21:45,150 - Bot:1388153107:updater - DEBUG - No new updates found.
2021-04-13 20:21:45,150 - Bot:1388153107:updater - DEBUG - []
2021-04-13 20:21:45,150 - Bot:1388153107:updater - DEBUG - Exiting: get_updates
2021-04-13 20:21:45,150 - Bot:1388153107:updater - DEBUG - Entering: get_updates
2021-04-13 20:21:45,264 - MainThread - DEBUG - https://localbitcoins.fi:443 "GET /buy-bitcoins-online/sberbank/.json HTTP/1.1" 200 None
2021-04-13 20:21:50,364 - MainThread - DEBUG - Starting new HTTPS connection (1): localbitcoins.fi:443
2021-04-13 20:21:53,588 - MainThread - DEBUG - https://localbitcoins.fi:443 "GET /api/dashboard/seller/ HTTP/1.1" 200 None
2021-04-13 20:21:53,592 - MainThread - DEBUG - Starting new HTTPS connection (1): localbitcoins.fi:443
2021-04-13 20:21:53,896 - MainThread - DEBUG - https://localbitcoins.fi:443 "GET /buy-bitcoins-online/sberbank/.json HTTP/1.1" 200 None
2021-04-13 20:21:55,210 - Bot:1388153107:updater - DEBUG - No new updates found.
2021-04-13 20:21:55,210 - Bot:1388153107:updater - DEBUG - []
2021-04-13 20:21:55,210 - Bot:1388153107:updater - DEBUG - Exiting: get_updates
2021-04-13 20:21:55,210 - Bot:1388153107:updater - DEBUG - Entering: get_updates
2021-04-13 20:21:59,020 - MainThread - DEBUG - Starting new HTTPS connection (1): localbitcoins.fi:443
2021-04-13 20:22:02,211 - MainThread - DEBUG - https://localbitcoins.fi:443 "GET /api/dashboard/seller/ HTTP/1.1" 200 None
2021-04-13 20:22:02,216 - MainThread - DEBUG - Starting new HTTPS connection (1): localbitcoins.fi:443
2021-04-13 20:22:02,520 - MainThread - DEBUG - https://localbitcoins.fi:443 "GET /buy-bitcoins-online/sberbank/.json HTTP/1.1" 200 None
2021-04-13 20:22:05,268 - Bot:1388153107:updater - DEBUG - No new updates found.
2021-04-13 20:22:05,269 - Bot:1388153107:updater - DEBUG - []
2021-04-13 20:22:05,269 - Bot:1388153107:updater - DEBUG - Exiting: get_updates
2021-04-13 20:22:05,270 - Bot:1388153107:updater - DEBUG - Entering: get_updates
2021-04-13 20:22:07,633 - MainThread - DEBUG - Starting new HTTPS connection (1): localbitcoins.fi:443
2021-04-13 20:22:11,110 - MainThread - DEBUG - https://localbitcoins.fi:443 "GET /api/dashboard/seller/ HTTP/1.1" 200 None
2021-04-13 20:22:11,114 - MainThread - DEBUG - Starting new HTTPS connection (1): localbitcoins.fi:443
2021-04-13 20:22:11,466 - MainThread - DEBUG - https://localbitcoins.fi:443 "GET /buy-bitcoins-online/sberbank/.json HTTP/1.1" 200 None
2021-04-13 20:22:15,328 - Bot:1388153107:updater - DEBUG - No new updates found.
2021-04-13 20:22:15,329 - Bot:1388153107:updater - DEBUG - []
2021-04-13 20:22:15,329 - Bot:1388153107:updater - DEBUG - Exiting: get_updates
2021-04-13 20:22:15,329 - Bot:1388153107:updater - DEBUG - Entering: get_updates
2021-04-13 20:22:16,591 - MainThread - DEBUG - Starting new HTTPS connection (1): localbitcoins.fi:443
2021-04-13 20:22:19,471 - MainThread - DEBUG - https://localbitcoins.fi:443 "GET /api/dashboard/seller/ HTTP/1.1" 200 None
2021-04-13 20:22:19,475 - MainThread - DEBUG - Starting new HTTPS connection (1): localbitcoins.fi:443
2021-04-13 20:22:19,835 - MainThread - DEBUG - https://localbitcoins.fi:443 "GET /buy-bitcoins-online/sberbank/.json HTTP/1.1" 200 None
2021-04-13 20:22:24,941 - MainThread - DEBUG - Starting new HTTPS connection (1): localbitcoins.fi:443
2021-04-13 20:22:25,389 - Bot:1388153107:updater - DEBUG - No new updates found.
2021-04-13 20:22:25,389 - Bot:1388153107:updater - DEBUG - []
2021-04-13 20:22:25,389 - Bot:1388153107:updater - DEBUG - Exiting: get_updates
2021-04-13 20:22:25,390 - Bot:1388153107:updater - DEBUG - Entering: get_updates
2021-04-13 20:22:28,108 - MainThread - DEBUG - https://localbitcoins.fi:443 "GET /api/dashboard/seller/ HTTP/1.1" 200 None
2021-04-13 20:22:28,112 - MainThread - DEBUG - Starting new HTTPS connection (1): localbitcoins.fi:443
2021-04-13 20:22:28,384 - MainThread - DEBUG - https://localbitcoins.fi:443 "GET /buy-bitcoins-online/sberbank/.json HTTP/1.1" 200 None
2021-04-13 20:22:33,504 - MainThread - DEBUG - Starting new HTTPS connection (1): localbitcoins.fi:443
2021-04-13 20:22:35,451 - Bot:1388153107:updater - DEBUG - No new updates found.
2021-04-13 20:22:35,452 - Bot:1388153107:updater - DEBUG - []
2021-04-13 20:22:35,452 - Bot:1388153107:updater - DEBUG - Exiting: get_updates
2021-04-13 20:22:35,452 - Bot:1388153107:updater - DEBUG - Entering: get_updates
2021-04-13 20:22:36,737 - MainThread - DEBUG - https://localbitcoins.fi:443 "GET /api/dashboard/seller/ HTTP/1.1" 200 None
2021-04-13 20:22:36,741 - MainThread - DEBUG - Starting new HTTPS connection (1): localbitcoins.fi:443
2021-04-13 20:22:37,057 - MainThread - DEBUG - https://localbitcoins.fi:443 "GET /buy-bitcoins-online/sberbank/.json HTTP/1.1" 200 None
2021-04-13 20:22:42,185 - MainThread - DEBUG - Starting new HTTPS connection (1): localbitcoins.fi:443
2021-04-13 20:22:45,352 - MainThread - DEBUG - https://localbitcoins.fi:443 "GET /api/dashboard/seller/ HTTP/1.1" 200 None
2021-04-13 20:22:45,356 - MainThread - DEBUG - Starting new HTTPS connection (1): localbitcoins.fi:443
2021-04-13 20:22:45,511 - Bot:1388153107:updater - DEBUG - No new updates found.
2021-04-13 20:22:45,511 - Bot:1388153107:updater - DEBUG - []
2021-04-13 20:22:45,511 - Bot:1388153107:updater - DEBUG - Exiting: get_updates
2021-04-13 20:22:45,511 - Bot:1388153107:updater - DEBUG - Entering: get_updates
2021-04-13 20:22:45,636 - MainThread - DEBUG - https://localbitcoins.fi:443 "GET /buy-bitcoins-online/sberbank/.json HTTP/1.1" 200 None
2021-04-13 20:22:50,747 - MainThread - DEBUG - Starting new HTTPS connection (1): localbitcoins.fi:443
2021-04-13 20:22:53,973 - MainThread - DEBUG - https://localbitcoins.fi:443 "GET /api/dashboard/seller/ HTTP/1.1" 200 None
2021-04-13 20:22:53,977 - MainThread - DEBUG - Starting new HTTPS connection (1): localbitcoins.fi:443
2021-04-13 20:22:54,289 - MainThread - DEBUG - https://localbitcoins.fi:443 "GET /buy-bitcoins-online/sberbank/.json HTTP/1.1" 200 None
2021-04-13 20:22:55,569 - Bot:1388153107:updater - DEBUG - No new updates found.
2021-04-13 20:22:55,570 - Bot:1388153107:updater - DEBUG - []
2021-04-13 20:22:55,570 - Bot:1388153107:updater - DEBUG - Exiting: get_updates
2021-04-13 20:22:55,570 - Bot:1388153107:updater - DEBUG - Entering: get_updates
2021-04-13 20:22:59,766 - MainThread - DEBUG - Starting new HTTPS connection (1): localbitcoins.fi:443
2021-04-13 20:23:02,613 - MainThread - DEBUG - https://localbitcoins.fi:443 "GET /api/dashboard/seller/ HTTP/1.1" 200 None
2021-04-13 20:23:02,616 - MainThread - DEBUG - Starting new HTTPS connection (1): localbitcoins.fi:443
2021-04-13 20:23:02,965 - MainThread - DEBUG - https://localbitcoins.fi:443 "GET /buy-bitcoins-online/sberbank/.json HTTP/1.1" 200 None
2021-04-13 20:23:05,629 - Bot:1388153107:updater - DEBUG - No new updates found.
2021-04-13 20:23:05,630 - Bot:1388153107:updater - DEBUG - []
2021-04-13 20:23:05,630 - Bot:1388153107:updater - DEBUG - Exiting: get_updates
2021-04-13 20:23:05,630 - Bot:1388153107:updater - DEBUG - Entering: get_updates
2021-04-13 20:23:08,258 - MainThread - DEBUG - Starting new HTTPS connection (1): localbitcoins.fi:443
2021-04-13 20:23:11,213 - MainThread - DEBUG - https://localbitcoins.fi:443 "GET /api/dashboard/seller/ HTTP/1.1" 200 None
2021-04-13 20:23:11,217 - MainThread - DEBUG - Starting new HTTPS connection (1): localbitcoins.fi:443
2021-04-13 20:23:13,936 - MainThread - DEBUG - https://localbitcoins.fi:443 "GET /buy-bitcoins-online/sberbank/.json HTTP/1.1" 200 None
2021-04-13 20:23:15,698 - Bot:1388153107:updater - DEBUG - No new updates found.
2021-04-13 20:23:15,698 - Bot:1388153107:updater - DEBUG - []
2021-04-13 20:23:15,698 - Bot:1388153107:updater - DEBUG - Exiting: get_updates
2021-04-13 20:23:15,698 - Bot:1388153107:updater - DEBUG - Entering: get_updates
2021-04-13 20:23:19,046 - MainThread - DEBUG - Starting new HTTPS connection (1): localbitcoins.fi:443
2021-04-13 20:23:19,860 - MainThread - DEBUG - https://localbitcoins.fi:443 "GET /api/dashboard/seller/ HTTP/1.1" 200 None
2021-04-13 20:23:19,865 - MainThread - DEBUG - Starting new HTTPS connection (1): localbitcoins.fi:443
2021-04-13 20:23:20,179 - MainThread - DEBUG - https://localbitcoins.fi:443 "GET /buy-bitcoins-online/sberbank/.json HTTP/1.1" 200 None
2021-04-13 20:23:25,290 - MainThread - DEBUG - Starting new HTTPS connection (1): localbitcoins.fi:443
2021-04-13 20:23:25,760 - Bot:1388153107:updater - DEBUG - No new updates found.
2021-04-13 20:23:25,761 - Bot:1388153107:updater - DEBUG - []
2021-04-13 20:23:25,761 - Bot:1388153107:updater - DEBUG - Exiting: get_updates
2021-04-13 20:23:25,761 - Bot:1388153107:updater - DEBUG - Entering: get_updates
2021-04-13 20:23:28,477 - MainThread - DEBUG - https://localbitcoins.fi:443 "GET /api/dashboard/seller/ HTTP/1.1" 200 None
2021-04-13 20:23:28,480 - MainThread - DEBUG - Starting new HTTPS connection (1): localbitcoins.fi:443
2021-04-13 20:23:28,854 - MainThread - DEBUG - https://localbitcoins.fi:443 "GET /buy-bitcoins-online/sberbank/.json HTTP/1.1" 200 None
2021-04-13 20:23:33,988 - MainThread - DEBUG - Starting new HTTPS connection (1): localbitcoins.fi:443
2021-04-13 20:23:35,819 - Bot:1388153107:updater - DEBUG - No new updates found.
2021-04-13 20:23:35,820 - Bot:1388153107:updater - DEBUG - []
2021-04-13 20:23:35,820 - Bot:1388153107:updater - DEBUG - Exiting: get_updates
2021-04-13 20:23:35,821 - Bot:1388153107:updater - DEBUG - Entering: get_updates
2021-04-13 20:23:37,108 - MainThread - DEBUG - https://localbitcoins.fi:443 "GET /api/dashboard/seller/ HTTP/1.1" 200 None
2021-04-13 20:23:37,112 - MainThread - DEBUG - Starting new HTTPS connection (1): localbitcoins.fi:443
2021-04-13 20:23:37,464 - MainThread - DEBUG - https://localbitcoins.fi:443 "GET /buy-bitcoins-online/sberbank/.json HTTP/1.1" 200 None
2021-04-13 20:23:42,583 - MainThread - DEBUG - Starting new HTTPS connection (1): localbitcoins.fi:443
2021-04-13 20:23:45,719 - MainThread - DEBUG - https://localbitcoins.fi:443 "GET /api/dashboard/seller/ HTTP/1.1" 200 None
2021-04-13 20:23:45,723 - MainThread - DEBUG - Starting new HTTPS connection (1): localbitcoins.fi:443
2021-04-13 20:23:45,884 - Bot:1388153107:updater - DEBUG - No new updates found.
2021-04-13 20:23:45,885 - Bot:1388153107:updater - DEBUG - []
2021-04-13 20:23:45,885 - Bot:1388153107:updater - DEBUG - Exiting: get_updates
2021-04-13 20:23:45,885 - Bot:1388153107:updater - DEBUG - Entering: get_updates
2021-04-13 20:23:46,189 - MainThread - DEBUG - https://localbitcoins.fi:443 "GET /buy-bitcoins-online/sberbank/.json HTTP/1.1" 200 None
2021-04-13 20:23:51,310 - MainThread - DEBUG - Starting new HTTPS connection (1): localbitcoins.fi:443
2021-04-13 20:23:54,332 - MainThread - DEBUG - https://localbitcoins.fi:443 "GET /api/dashboard/seller/ HTTP/1.1" 200 None
2021-04-13 20:23:54,336 - MainThread - DEBUG - Starting new HTTPS connection (1): localbitcoins.fi:443
2021-04-13 20:23:54,634 - MainThread - DEBUG - https://localbitcoins.fi:443 "GET /buy-bitcoins-online/sberbank/.json HTTP/1.1" 200 None
2021-04-13 20:23:54,745 - MainThread - DEBUG - cripto_jedai - 5111979.0
2021-04-13 20:23:54,745 - MainThread - DEBUG - New SELL price is 5111977.0, before user cripto_jedai
2021-04-13 20:23:54,747 - MainThread - DEBUG - Starting new HTTPS connection (1): localbitcoins.fi:443
2021-04-13 20:23:55,942 - Bot:1388153107:updater - DEBUG - No new updates found.
2021-04-13 20:23:55,943 - Bot:1388153107:updater - DEBUG - []
2021-04-13 20:23:55,943 - Bot:1388153107:updater - DEBUG - Exiting: get_updates
2021-04-13 20:23:55,943 - Bot:1388153107:updater - DEBUG - Entering: get_updates
2021-04-13 20:23:57,506 - MainThread - DEBUG - https://localbitcoins.fi:443 "POST /api/ad-equation/1262102/ HTTP/1.1" 200 None
2021-04-13 20:24:02,512 - MainThread - DEBUG - Starting new HTTPS connection (1): localbitcoins.fi:443
2021-04-13 20:24:02,982 - MainThread - DEBUG - https://localbitcoins.fi:443 "GET /api/dashboard/seller/ HTTP/1.1" 200 None
2021-04-13 20:24:02,986 - MainThread - DEBUG - Starting new HTTPS connection (1): localbitcoins.fi:443
2021-04-13 20:24:03,656 - MainThread - DEBUG - https://localbitcoins.fi:443 "GET /buy-bitcoins-online/sberbank/.json HTTP/1.1" 200 None
2021-04-13 20:24:03,774 - MainThread - DEBUG - cripto_jedai - 5111969.0
2021-04-13 20:24:03,775 - MainThread - DEBUG - New SELL price is 5111967.0, before user cripto_jedai
2021-04-13 20:24:03,776 - MainThread - DEBUG - Starting new HTTPS connection (1): localbitcoins.fi:443
2021-04-13 20:24:06,004 - Bot:1388153107:updater - DEBUG - No new updates found.
2021-04-13 20:24:06,004 - Bot:1388153107:updater - DEBUG - []
2021-04-13 20:24:06,005 - Bot:1388153107:updater - DEBUG - Exiting: get_updates
2021-04-13 20:24:06,005 - Bot:1388153107:updater - DEBUG - Entering: get_updates
2021-04-13 20:24:06,594 - MainThread - DEBUG - https://localbitcoins.fi:443 "POST /api/ad-equation/1262102/ HTTP/1.1" 200 None
2021-04-13 20:24:11,600 - MainThread - DEBUG - Starting new HTTPS connection (1): localbitcoins.fi:443
2021-04-13 20:24:12,002 - MainThread - DEBUG - https://localbitcoins.fi:443 "GET /api/dashboard/seller/ HTTP/1.1" 200 None
2021-04-13 20:24:12,006 - MainThread - DEBUG - Starting new HTTPS connection (1): localbitcoins.fi:443
2021-04-13 20:24:12,351 - MainThread - DEBUG - https://localbitcoins.fi:443 "GET /buy-bitcoins-online/sberbank/.json HTTP/1.1" 200 None
2021-04-13 20:24:16,064 - Bot:1388153107:updater - DEBUG - No new updates found.
2021-04-13 20:24:16,065 - Bot:1388153107:updater - DEBUG - []
2021-04-13 20:24:16,065 - Bot:1388153107:updater - DEBUG - Exiting: get_updates
2021-04-13 20:24:16,065 - Bot:1388153107:updater - DEBUG - Entering: get_updates
2021-04-13 20:24:17,449 - MainThread - DEBUG - Starting new HTTPS connection (1): localbitcoins.fi:443
2021-04-13 20:24:20,558 - MainThread - DEBUG - https://localbitcoins.fi:443 "GET /api/dashboard/seller/ HTTP/1.1" 200 None
2021-04-13 20:24:20,562 - MainThread - DEBUG - Starting new HTTPS connection (1): localbitcoins.fi:443
2021-04-13 20:24:20,866 - MainThread - DEBUG - https://localbitcoins.fi:443 "GET /buy-bitcoins-online/sberbank/.json HTTP/1.1" 200 None
2021-04-13 20:24:26,090 - MainThread - DEBUG - Starting new HTTPS connection (1): localbitcoins.fi:443
2021-04-13 20:24:26,123 - Bot:1388153107:updater - DEBUG - No new updates found.
2021-04-13 20:24:26,123 - Bot:1388153107:updater - DEBUG - []
2021-04-13 20:24:26,124 - Bot:1388153107:updater - DEBUG - Exiting: get_updates
2021-04-13 20:24:26,124 - Bot:1388153107:updater - DEBUG - Entering: get_updates
2021-04-13 20:24:29,172 - MainThread - DEBUG - https://localbitcoins.fi:443 "GET /api/dashboard/seller/ HTTP/1.1" 200 None
2021-04-13 20:24:29,186 - MainThread - DEBUG - Starting new HTTPS connection (1): localbitcoins.fi:443
2021-04-13 20:24:29,498 - MainThread - DEBUG - https://localbitcoins.fi:443 "GET /buy-bitcoins-online/sberbank/.json HTTP/1.1" 200 None
2021-04-13 20:24:29,599 - MainThread - DEBUG - natalya228 - 5118800.0
2021-04-13 20:24:29,600 - MainThread - DEBUG - New SELL price is 5118798.0, before user natalya228
2021-04-13 20:24:29,602 - MainThread - DEBUG - Starting new HTTPS connection (1): localbitcoins.fi:443
2021-04-13 20:24:32,360 - MainThread - DEBUG - https://localbitcoins.fi:443 "POST /api/ad-equation/1262102/ HTTP/1.1" 200 None
2021-04-13 20:24:36,181 - Bot:1388153107:updater - DEBUG - No new updates found.
2021-04-13 20:24:36,182 - Bot:1388153107:updater - DEBUG - []
2021-04-13 20:24:36,182 - Bot:1388153107:updater - DEBUG - Exiting: get_updates
2021-04-13 20:24:36,182 - Bot:1388153107:updater - DEBUG - Entering: get_updates
2021-04-13 20:24:37,371 - MainThread - DEBUG - Starting new HTTPS connection (1): localbitcoins.fi:443
2021-04-13 20:24:37,800 - MainThread - DEBUG - https://localbitcoins.fi:443 "GET /api/dashboard/seller/ HTTP/1.1" 200 None
2021-04-13 20:24:37,804 - MainThread - DEBUG - Starting new HTTPS connection (1): localbitcoins.fi:443
2021-04-13 20:24:38,114 - MainThread - DEBUG - https://localbitcoins.fi:443 "GET /buy-bitcoins-online/sberbank/.json HTTP/1.1" 200 None
2021-04-13 20:24:43,238 - MainThread - DEBUG - Starting new HTTPS connection (1): localbitcoins.fi:443
2021-04-13 20:24:46,239 - Bot:1388153107:updater - DEBUG - No new updates found.
2021-04-13 20:24:46,239 - Bot:1388153107:updater - DEBUG - []
2021-04-13 20:24:46,240 - Bot:1388153107:updater - DEBUG - Exiting: get_updates
2021-04-13 20:24:46,240 - Bot:1388153107:updater - DEBUG - Entering: get_updates
2021-04-13 20:24:46,427 - MainThread - DEBUG - https://localbitcoins.fi:443 "GET /api/dashboard/seller/ HTTP/1.1" 200 None
2021-04-13 20:24:46,430 - MainThread - DEBUG - Starting new HTTPS connection (1): localbitcoins.fi:443
2021-04-13 20:24:46,768 - MainThread - DEBUG - https://localbitcoins.fi:443 "GET /buy-bitcoins-online/sberbank/.json HTTP/1.1" 200 None
2021-04-13 20:24:51,927 - MainThread - DEBUG - Starting new HTTPS connection (1): localbitcoins.fi:443
2021-04-13 20:24:55,063 - MainThread - DEBUG - https://localbitcoins.fi:443 "GET /api/dashboard/seller/ HTTP/1.1" 200 None
2021-04-13 20:24:55,067 - MainThread - DEBUG - Starting new HTTPS connection (1): localbitcoins.fi:443
2021-04-13 20:24:55,375 - MainThread - DEBUG - https://localbitcoins.fi:443 "GET /buy-bitcoins-online/sberbank/.json HTTP/1.1" 200 None
2021-04-13 20:24:56,299 - Bot:1388153107:updater - DEBUG - No new updates found.
2021-04-13 20:24:56,300 - Bot:1388153107:updater - DEBUG - []
2021-04-13 20:24:56,300 - Bot:1388153107:updater - DEBUG - Exiting: get_updates
2021-04-13 20:24:56,300 - Bot:1388153107:updater - DEBUG - Entering: get_updates
2021-04-13 20:25:00,511 - MainThread - DEBUG - Starting new HTTPS connection (1): localbitcoins.fi:443
2021-04-13 20:25:03,973 - MainThread - DEBUG - https://localbitcoins.fi:443 "GET /api/dashboard/seller/ HTTP/1.1" 200 None
2021-04-13 20:25:03,977 - MainThread - DEBUG - Starting new HTTPS connection (1): localbitcoins.fi:443
2021-04-13 20:25:04,283 - MainThread - DEBUG - https://localbitcoins.fi:443 "GET /buy-bitcoins-online/sberbank/.json HTTP/1.1" 200 None
2021-04-13 20:25:06,358 - Bot:1388153107:updater - DEBUG - No new updates found.
2021-04-13 20:25:06,359 - Bot:1388153107:updater - DEBUG - []
2021-04-13 20:25:06,359 - Bot:1388153107:updater - DEBUG - Exiting: get_updates
2021-04-13 20:25:06,359 - Bot:1388153107:updater - DEBUG - Entering: get_updates
2021-04-13 20:25:09,390 - MainThread - DEBUG - Starting new HTTPS connection (1): localbitcoins.fi:443
2021-04-13 20:25:12,306 - MainThread - DEBUG - https://localbitcoins.fi:443 "GET /api/dashboard/seller/ HTTP/1.1" 200 None
2021-04-13 20:25:12,311 - MainThread - DEBUG - Starting new HTTPS connection (1): localbitcoins.fi:443
2021-04-13 20:25:12,805 - MainThread - DEBUG - https://localbitcoins.fi:443 "GET /buy-bitcoins-online/sberbank/.json HTTP/1.1" 200 None
2021-04-13 20:25:16,417 - Bot:1388153107:updater - DEBUG - No new updates found.
2021-04-13 20:25:16,417 - Bot:1388153107:updater - DEBUG - []
2021-04-13 20:25:16,417 - Bot:1388153107:updater - DEBUG - Exiting: get_updates
2021-04-13 20:25:16,417 - Bot:1388153107:updater - DEBUG - Entering: get_updates
2021-04-13 20:25:17,938 - MainThread - DEBUG - Starting new HTTPS connection (1): localbitcoins.fi:443
2021-04-13 20:25:20,939 - MainThread - DEBUG - https://localbitcoins.fi:443 "GET /api/dashboard/seller/ HTTP/1.1" 200 None
2021-04-13 20:25:20,943 - MainThread - DEBUG - Starting new HTTPS connection (1): localbitcoins.fi:443
2021-04-13 20:25:21,292 - MainThread - DEBUG - https://localbitcoins.fi:443 "GET /buy-bitcoins-online/sberbank/.json HTTP/1.1" 200 None
2021-04-13 20:25:26,349 - MainThread - DEBUG - Starting new HTTPS connection (1): localbitcoins.fi:443
2021-04-13 20:25:26,480 - Bot:1388153107:updater - DEBUG - No new updates found.
2021-04-13 20:25:26,480 - Bot:1388153107:updater - DEBUG - []
2021-04-13 20:25:26,481 - Bot:1388153107:updater - DEBUG - Exiting: get_updates
2021-04-13 20:25:26,481 - Bot:1388153107:updater - DEBUG - Entering: get_updates
2021-04-13 20:25:29,569 - MainThread - DEBUG - https://localbitcoins.fi:443 "GET /api/dashboard/seller/ HTTP/1.1" 200 None
2021-04-13 20:25:29,573 - MainThread - DEBUG - Starting new HTTPS connection (1): localbitcoins.fi:443
2021-04-13 20:25:32,358 - MainThread - DEBUG - https://localbitcoins.fi:443 "GET /buy-bitcoins-online/sberbank/.json HTTP/1.1" 200 None
2021-04-13 20:25:36,543 - Bot:1388153107:updater - DEBUG - No new updates found.
2021-04-13 20:25:36,544 - Bot:1388153107:updater - DEBUG - []
2021-04-13 20:25:36,544 - Bot:1388153107:updater - DEBUG - Exiting: get_updates
2021-04-13 20:25:36,544 - Bot:1388153107:updater - DEBUG - Entering: get_updates
2021-04-13 20:25:37,490 - MainThread - DEBUG - Starting new HTTPS connection (1): localbitcoins.fi:443
2021-04-13 20:25:38,185 - MainThread - DEBUG - https://localbitcoins.fi:443 "GET /api/dashboard/seller/ HTTP/1.1" 200 None
2021-04-13 20:25:38,189 - MainThread - DEBUG - Starting new HTTPS connection (1): localbitcoins.fi:443
2021-04-13 20:25:38,895 - MainThread - DEBUG - https://localbitcoins.fi:443 "GET /buy-bitcoins-online/sberbank/.json HTTP/1.1" 200 None
2021-04-13 20:25:44,297 - MainThread - DEBUG - Starting new HTTPS connection (1): localbitcoins.fi:443
2021-04-13 20:25:46,606 - Bot:1388153107:updater - DEBUG - No new updates found.
2021-04-13 20:25:46,606 - Bot:1388153107:updater - DEBUG - []
2021-04-13 20:25:46,606 - Bot:1388153107:updater - DEBUG - Exiting: get_updates
2021-04-13 20:25:46,607 - Bot:1388153107:updater - DEBUG - Entering: get_updates
2021-04-13 20:25:46,800 - MainThread - DEBUG - https://localbitcoins.fi:443 "GET /api/dashboard/seller/ HTTP/1.1" 200 None
2021-04-13 20:25:46,805 - MainThread - DEBUG - Starting new HTTPS connection (1): localbitcoins.fi:443
2021-04-13 20:25:47,130 - MainThread - DEBUG - https://localbitcoins.fi:443 "GET /buy-bitcoins-online/sberbank/.json HTTP/1.1" 200 None
2021-04-13 20:25:52,258 - MainThread - DEBUG - Starting new HTTPS connection (1): localbitcoins.fi:443
2021-04-13 20:25:55,512 - MainThread - DEBUG - https://localbitcoins.fi:443 "GET /api/dashboard/seller/ HTTP/1.1" 200 None
2021-04-13 20:25:55,516 - MainThread - DEBUG - Starting new HTTPS connection (1): localbitcoins.fi:443
2021-04-13 20:25:55,863 - MainThread - DEBUG - https://localbitcoins.fi:443 "GET /buy-bitcoins-online/sberbank/.json HTTP/1.1" 200 None
2021-04-13 20:25:56,666 - Bot:1388153107:updater - DEBUG - No new updates found.
2021-04-13 20:25:56,666 - Bot:1388153107:updater - DEBUG - []
2021-04-13 20:25:56,667 - Bot:1388153107:updater - DEBUG - Exiting: get_updates
2021-04-13 20:25:56,667 - Bot:1388153107:updater - DEBUG - Entering: get_updates
2021-04-13 20:26:00,989 - MainThread - DEBUG - Starting new HTTPS connection (1): localbitcoins.fi:443
2021-04-13 20:26:04,079 - MainThread - DEBUG - https://localbitcoins.fi:443 "GET /api/dashboard/seller/ HTTP/1.1" 200 None
2021-04-13 20:26:04,083 - MainThread - DEBUG - Starting new HTTPS connection (1): localbitcoins.fi:443
2021-04-13 20:26:04,290 - MainThread - DEBUG - https://localbitcoins.fi:443 "POST /api/contact_message_post/72782813/ HTTP/1.1" 200 None
2021-04-13 20:26:04,294 - MainThread - DEBUG - Starting new HTTPS connection (1): localbitcoins.fi:443
2021-04-13 20:26:06,726 - Bot:1388153107:updater - DEBUG - No new updates found.
2021-04-13 20:26:06,727 - Bot:1388153107:updater - DEBUG - []
2021-04-13 20:26:06,727 - Bot:1388153107:updater - DEBUG - Exiting: get_updates
2021-04-13 20:26:06,727 - Bot:1388153107:updater - DEBUG - Entering: get_updates
